<?xml version="1.0" encoding="UTF-8"?>
<testng-results skipped="0" failed="0" total="1" passed="1">
  <reporter-output>
  </reporter-output>
  <suite name="Suite" duration-ms="3974" started-at="2021-05-30T15:10:29Z" finished-at="2021-05-30T15:10:33Z">
    <groups>
      <group name="cucumber">
        <method signature="AbstractTestNGCucumberTests.feature(cucumber.api.testng.CucumberFeatureWrapper)[pri:0, instance:com.Massmutual.TestRunner.TestRunner@31610302]" name="feature" class="cucumber.api.testng.AbstractTestNGCucumberTests"/>
      </group> <!-- cucumber -->
    </groups>
    <test name="Test" duration-ms="3974" started-at="2021-05-30T15:10:29Z" finished-at="2021-05-30T15:10:33Z">
      <class name="com.Massmutual.TestRunner.TestRunner">
        <test-method status="PASS" signature="beforeSuite()[pri:0, instance:com.Massmutual.TestRunner.TestRunner@31610302]" name="beforeSuite" is-config="true" duration-ms="0" started-at="2021-05-30T20:40:29Z" finished-at="2021-05-30T20:40:29Z">
          <reporter-output>
          </reporter-output>
        </test-method> <!-- beforeSuite -->
        <test-method status="PASS" signature="setUpClass()[pri:0, instance:com.Massmutual.TestRunner.TestRunner@31610302]" name="setUpClass" is-config="true" duration-ms="132" started-at="2021-05-30T20:40:29Z" finished-at="2021-05-30T20:40:29Z">
          <reporter-output>
          </reporter-output>
        </test-method> <!-- setUpClass -->
        <test-method status="PASS" signature="feature(cucumber.api.testng.CucumberFeatureWrapper)[pri:0, instance:com.Massmutual.TestRunner.TestRunner@31610302]" name="feature" duration-ms="3538" started-at="2021-05-30T20:40:29Z" description="Runs Cucumber Feature" data-provider="features" finished-at="2021-05-30T20:40:33Z">
          <params>
            <param index="0">
              <value>
                <![CDATA[Massmutual test feature file]]>
              </value>
            </param>
          </params>
          <reporter-output>
          </reporter-output>
        </test-method> <!-- feature -->
        <test-method status="PASS" signature="writeExtentReport()[pri:0, instance:com.Massmutual.TestRunner.TestRunner@31610302]" name="writeExtentReport" is-config="true" duration-ms="69" started-at="2021-05-30T20:40:33Z" finished-at="2021-05-30T20:40:33Z">
          <reporter-output>
          </reporter-output>
        </test-method> <!-- writeExtentReport -->
        <test-method status="PASS" signature="tearDownClass()[pri:0, instance:com.Massmutual.TestRunner.TestRunner@31610302]" name="tearDownClass" is-config="true" duration-ms="182" started-at="2021-05-30T20:40:33Z" finished-at="2021-05-30T20:40:33Z">
          <reporter-output>
          </reporter-output>
        </test-method> <!-- tearDownClass -->
      </class> <!-- com.Massmutual.TestRunner.TestRunner -->
    </test> <!-- Test -->
  </suite> <!-- Suite -->
</testng-results>
